Removed Pin From Net: NetName=NetC2A_1 Pin=U1A-1
Removed Pin From Net: NetName=NetPD1A_2 Pin=U1A-2
Removed Pin From Net: NetName=GND Pin=U1A-3
Removed Pin From Net: NetName=NetC2B_1 Pin=U1B-1
Removed Pin From Net: NetName=NetPD1B_2 Pin=U1B-2
Removed Pin From Net: NetName=GND Pin=U1B-3
Removed Pin From Net: NetName=NetC2C_1 Pin=U1C-1
Removed Pin From Net: NetName=NetPD1C_2 Pin=U1C-2
Removed Pin From Net: NetName=GND Pin=U1C-3
Removed Pin From Net: NetName=NetC2D_1 Pin=U1D-1
Removed Pin From Net: NetName=NetPD1D_2 Pin=U1D-2
Removed Pin From Net: NetName=GND Pin=U1D-3
Removed Pin From Net: NetName=NetC2E_1 Pin=U1E-1
Removed Pin From Net: NetName=NetPD1E_2 Pin=U1E-2
Removed Pin From Net: NetName=GND Pin=U1E-3
Removed Pin From Net: NetName=NetC2F_1 Pin=U1F-1
Removed Pin From Net: NetName=NetPD1F_2 Pin=U1F-2
Removed Pin From Net: NetName=GND Pin=U1F-3
Removed Pin From Net: NetName=NetR7A_2 Pin=U2A-1
Removed Pin From Net: NetName=NetR7A_2 Pin=U2A-2
Removed Pin From Net: NetName=NetC3A_2 Pin=U2A-3
Removed Pin From Net: NetName=NetR7B_2 Pin=U2B-1
Removed Pin From Net: NetName=NetR7B_2 Pin=U2B-2
Removed Pin From Net: NetName=NetC3B_2 Pin=U2B-3
Removed Pin From Net: NetName=NetR7C_2 Pin=U2C-1
Removed Pin From Net: NetName=NetR7C_2 Pin=U2C-2
Removed Pin From Net: NetName=NetC3C_2 Pin=U2C-3
Removed Pin From Net: NetName=NetR7D_2 Pin=U2D-1
Removed Pin From Net: NetName=NetR7D_2 Pin=U2D-2
Removed Pin From Net: NetName=NetC3D_2 Pin=U2D-3
Removed Pin From Net: NetName=NetR7E_2 Pin=U2E-1
Removed Pin From Net: NetName=NetR7E_2 Pin=U2E-2
Removed Pin From Net: NetName=NetC3E_2 Pin=U2E-3
Removed Pin From Net: NetName=NetR7F_2 Pin=U2F-1
Removed Pin From Net: NetName=NetR7F_2 Pin=U2F-2
Removed Pin From Net: NetName=NetC3F_2 Pin=U2F-3
Change Component Designator: OldDesignator=U1A NewDesignator=U1FA
Change Component Designator: OldDesignator=U1B NewDesignator=U1FB
Change Component Designator: OldDesignator=U1C NewDesignator=U1FC
Change Component Designator: OldDesignator=U1D NewDesignator=U1FD
Change Component Designator: OldDesignator=U1E NewDesignator=U1FE
Change Component Designator: OldDesignator=U1F NewDesignator=U1FF
Change Component Designator: OldDesignator=U2A NewDesignator=U2FA
Change Component Designator: OldDesignator=U2B NewDesignator=U2FB
Change Component Designator: OldDesignator=U2C NewDesignator=U2FC
Change Component Designator: OldDesignator=U2D NewDesignator=U2FD
Change Component Designator: OldDesignator=U2E NewDesignator=U2FE
Change Component Designator: OldDesignator=U2F NewDesignator=U2FF
Added Pin To Net: NetName=NetR7A_2 Pin=U1FA-1
Added Pin To Net: NetName=NetR7A_2 Pin=U1FA-2
Added Pin To Net: NetName=NetC3A_2 Pin=U1FA-3
Added Pin To Net: NetName=NetR7B_2 Pin=U1FB-1
Added Pin To Net: NetName=NetR7B_2 Pin=U1FB-2
Added Pin To Net: NetName=NetC3B_2 Pin=U1FB-3
Added Pin To Net: NetName=NetR7C_2 Pin=U1FC-1
Added Pin To Net: NetName=NetR7C_2 Pin=U1FC-2
Added Pin To Net: NetName=NetC3C_2 Pin=U1FC-3
Added Pin To Net: NetName=NetR7D_2 Pin=U1FD-1
Added Pin To Net: NetName=NetR7D_2 Pin=U1FD-2
Added Pin To Net: NetName=NetC3D_2 Pin=U1FD-3
Added Pin To Net: NetName=NetR7E_2 Pin=U1FE-1
Added Pin To Net: NetName=NetR7E_2 Pin=U1FE-2
Added Pin To Net: NetName=NetC3E_2 Pin=U1FE-3
Added Pin To Net: NetName=NetR7F_2 Pin=U1FF-1
Added Pin To Net: NetName=NetR7F_2 Pin=U1FF-2
Added Pin To Net: NetName=NetC3F_2 Pin=U1FF-3
Added Pin To Net: NetName=NetC2A_1 Pin=U2FA-1
Added Pin To Net: NetName=NetPD1A_2 Pin=U2FA-2
Added Pin To Net: NetName=GND Pin=U2FA-3
Added Pin To Net: NetName=NetC2B_1 Pin=U2FB-1
Added Pin To Net: NetName=NetPD1B_2 Pin=U2FB-2
Added Pin To Net: NetName=GND Pin=U2FB-3
Added Pin To Net: NetName=NetC2C_1 Pin=U2FC-1
Added Pin To Net: NetName=NetPD1C_2 Pin=U2FC-2
Added Pin To Net: NetName=GND Pin=U2FC-3
Added Pin To Net: NetName=NetC2D_1 Pin=U2FD-1
Added Pin To Net: NetName=NetPD1D_2 Pin=U2FD-2
Added Pin To Net: NetName=GND Pin=U2FD-3
Added Pin To Net: NetName=NetC2E_1 Pin=U2FE-1
Added Pin To Net: NetName=NetPD1E_2 Pin=U2FE-2
Added Pin To Net: NetName=GND Pin=U2FE-3
Added Pin To Net: NetName=NetC2F_1 Pin=U2FF-1
Added Pin To Net: NetName=NetPD1F_2 Pin=U2FF-2
Added Pin To Net: NetName=GND Pin=U2FF-3
Added Member To Class: ClassName=U_cs301_Group2_Sensing3 Member=Component R9C (R9) 470k
Added Member To Class: ClassName=U_cs301_Group2_Sensing3 Member=Component U1FC (U1FA) LM358
Added Member To Class: ClassName=U_cs301_Group2_Sensing3 Member=Component U2FC (U2FA) LM358
