Change Component Designator: OldDesignator=U1 NewDesignator=U2A
Change Component Designator: OldDesignator=U1 NewDesignator=U2A
Change Component Designator: OldDesignator=U2A NewDesignator=U2B
Change Component Designator: OldDesignator=U2A NewDesignator=U2B
Change Component Designator: OldDesignator=U2B NewDesignator=U2C
Change Component Designator: OldDesignator=U2B NewDesignator=U2C
Change Component Designator: OldDesignator=U2C NewDesignator=U2D
Change Component Designator: OldDesignator=U2C NewDesignator=U2D
Change Component Designator: OldDesignator=U2D NewDesignator=U2E
Change Component Designator: OldDesignator=U2D NewDesignator=U2E
Change Component Designator: OldDesignator=U2E NewDesignator=U2F
Change Component Designator: OldDesignator=U2E NewDesignator=U2F
Change Component Designator: OldDesignator=U2 NewDesignator=U1A
Change Component Designator: OldDesignator=U2 NewDesignator=U1A
Change Component Designator: OldDesignator=U1A NewDesignator=U1B
Change Component Designator: OldDesignator=U1A NewDesignator=U1B
Change Component Designator: OldDesignator=U1B NewDesignator=U1C
Change Component Designator: OldDesignator=U1B NewDesignator=U1C
Change Component Designator: OldDesignator=U1C NewDesignator=U1D
Change Component Designator: OldDesignator=U1C NewDesignator=U1D
Change Component Designator: OldDesignator=U1D NewDesignator=U1E
Change Component Designator: OldDesignator=U1D NewDesignator=U1E
Change Component Designator: OldDesignator=U1E NewDesignator=U1F
Change Component Designator: OldDesignator=U1E NewDesignator=U1F
