Info: Starting: Create block symbol file (.bsf)
Info: qsys-generate /home/dylan/Workspace/COMPSYS701/Lab3/Nios_V3.qsys --block-symbol-file --output-directory=/home/dylan/Workspace/COMPSYS701/Lab3/Nios_V3 --family="Cyclone V" --part=5CSEMA5F31C6
Progress: Loading Lab3/Nios_V3.qsys
Progress: Reading input file
Progress: Adding LED_pio [altera_avalon_pio 18.1]
Progress: Parameterizing module LED_pio
Progress: Adding button_pio [altera_avalon_pio 18.1]
Progress: Parameterizing module button_pio
Progress: Adding clk [clock_source 18.1]
Progress: Parameterizing module clk
Progress: Adding cpu [altera_nios2_gen2 18.1]
Progress: Parameterizing module cpu
Progress: Adding jtag_uart_0 [altera_avalon_jtag_uart 18.1]
Progress: Parameterizing module jtag_uart_0
Progress: Adding onchip_memory [altera_avalon_onchip_memory2 18.1]
Progress: Parameterizing module onchip_memory
Progress: Adding seven_seg_0 [altera_avalon_pio 18.1]
Progress: Parameterizing module seven_seg_0
Progress: Adding seven_seg_1 [altera_avalon_pio 18.1]
Progress: Parameterizing module seven_seg_1
Progress: Adding seven_seg_2 [altera_avalon_pio 18.1]
Progress: Parameterizing module seven_seg_2
Progress: Adding seven_seg_3 [altera_avalon_pio 18.1]
Progress: Parameterizing module seven_seg_3
Progress: Adding switch_pio [altera_avalon_pio 18.1]
Progress: Parameterizing module switch_pio
Progress: Adding sys_timer [altera_avalon_timer 18.1]
Progress: Parameterizing module sys_timer
Progress: Building connections
Progress: Parameterizing connections
Progress: Validating
Progress: Done reading input file
Info: Nios_V3.button_pio: PIO inputs are not hardwired in test bench. Undefined values will be read from PIO inputs during simulation.
Info: Nios_V3.jtag_uart_0: JTAG UART IP input clock need to be at least double (2x) the operating frequency of JTAG TCK on board
Info: Nios_V3.switch_pio: PIO inputs are not hardwired in test bench. Undefined values will be read from PIO inputs during simulation.
Info: qsys-generate succeeded.
Info: Finished: Create block symbol file (.bsf)
Info: 
Info: Starting: Create HDL design files for synthesis
Info: qsys-generate /home/dylan/Workspace/COMPSYS701/Lab3/Nios_V3.qsys --synthesis=VHDL --output-directory=/home/dylan/Workspace/COMPSYS701/Lab3/Nios_V3/synthesis --family="Cyclone V" --part=5CSEMA5F31C6
Progress: Loading Lab3/Nios_V3.qsys
Progress: Reading input file
Progress: Adding LED_pio [altera_avalon_pio 18.1]
Progress: Parameterizing module LED_pio
Progress: Adding button_pio [altera_avalon_pio 18.1]
Progress: Parameterizing module button_pio
Progress: Adding clk [clock_source 18.1]
Progress: Parameterizing module clk
Progress: Adding cpu [altera_nios2_gen2 18.1]
Progress: Parameterizing module cpu
Progress: Adding jtag_uart_0 [altera_avalon_jtag_uart 18.1]
Progress: Parameterizing module jtag_uart_0
Progress: Adding onchip_memory [altera_avalon_onchip_memory2 18.1]
Progress: Parameterizing module onchip_memory
Progress: Adding seven_seg_0 [altera_avalon_pio 18.1]
Progress: Parameterizing module seven_seg_0
Progress: Adding seven_seg_1 [altera_avalon_pio 18.1]
Progress: Parameterizing module seven_seg_1
Progress: Adding seven_seg_2 [altera_avalon_pio 18.1]
Progress: Parameterizing module seven_seg_2
Progress: Adding seven_seg_3 [altera_avalon_pio 18.1]
Progress: Parameterizing module seven_seg_3
Progress: Adding switch_pio [altera_avalon_pio 18.1]
Progress: Parameterizing module switch_pio
Progress: Adding sys_timer [altera_avalon_timer 18.1]
Progress: Parameterizing module sys_timer
Progress: Building connections
Progress: Parameterizing connections
Progress: Validating
Progress: Done reading input file
Info: Nios_V3.button_pio: PIO inputs are not hardwired in test bench. Undefined values will be read from PIO inputs during simulation.
Info: Nios_V3.jtag_uart_0: JTAG UART IP input clock need to be at least double (2x) the operating frequency of JTAG TCK on board
Info: Nios_V3.switch_pio: PIO inputs are not hardwired in test bench. Undefined values will be read from PIO inputs during simulation.
Info: Nios_V3: Generating Nios_V3 "Nios_V3" for QUARTUS_SYNTH
Info: LED_pio: Starting RTL generation for module 'Nios_V3_LED_pio'
Info: LED_pio:   Generation command is [exec /home/dylan/intelFPGA_lite/18.1/quartus/linux64/perl/bin/perl -I /home/dylan/intelFPGA_lite/18.1/quartus/linux64/perl/lib -I /home/dylan/intelFPGA_lite/18.1/quartus/sopc_builder/bin/europa -I /home/dylan/intelFPGA_lite/18.1/quartus/sopc_builder/bin/perl_lib -I /home/dylan/intelFPGA_lite/18.1/quartus/sopc_builder/bin -I /home/dylan/intelFPGA_lite/18.1/quartus/../ip/altera/sopc_builder_ip/common -I /home/dylan/intelFPGA_lite/18.1/quartus/../ip/altera/sopc_builder_ip/altera_avalon_pio -- /home/dylan/intelFPGA_lite/18.1/quartus/../ip/altera/sopc_builder_ip/altera_avalon_pio/generate_rtl.pl --name=Nios_V3_LED_pio --dir=/tmp/alt9797_7341996610817519027.dir/0002_LED_pio_gen/ --quartus_dir=/home/dylan/intelFPGA_lite/18.1/quartus --verilog --config=/tmp/alt9797_7341996610817519027.dir/0002_LED_pio_gen//Nios_V3_LED_pio_component_configuration.pl  --do_build_sim=0  ]
Info: LED_pio: Done RTL generation for module 'Nios_V3_LED_pio'
Info: LED_pio: "Nios_V3" instantiated altera_avalon_pio "LED_pio"
Info: button_pio: Starting RTL generation for module 'Nios_V3_button_pio'
Info: button_pio:   Generation command is [exec /home/dylan/intelFPGA_lite/18.1/quartus/linux64/perl/bin/perl -I /home/dylan/intelFPGA_lite/18.1/quartus/linux64/perl/lib -I /home/dylan/intelFPGA_lite/18.1/quartus/sopc_builder/bin/europa -I /home/dylan/intelFPGA_lite/18.1/quartus/sopc_builder/bin/perl_lib -I /home/dylan/intelFPGA_lite/18.1/quartus/sopc_builder/bin -I /home/dylan/intelFPGA_lite/18.1/quartus/../ip/altera/sopc_builder_ip/common -I /home/dylan/intelFPGA_lite/18.1/quartus/../ip/altera/sopc_builder_ip/altera_avalon_pio -- /home/dylan/intelFPGA_lite/18.1/quartus/../ip/altera/sopc_builder_ip/altera_avalon_pio/generate_rtl.pl --name=Nios_V3_button_pio --dir=/tmp/alt9797_7341996610817519027.dir/0003_button_pio_gen/ --quartus_dir=/home/dylan/intelFPGA_lite/18.1/quartus --verilog --config=/tmp/alt9797_7341996610817519027.dir/0003_button_pio_gen//Nios_V3_button_pio_component_configuration.pl  --do_build_sim=0  ]
Info: button_pio: Done RTL generation for module 'Nios_V3_button_pio'
Info: button_pio: "Nios_V3" instantiated altera_avalon_pio "button_pio"
Info: cpu: "Nios_V3" instantiated altera_nios2_gen2 "cpu"
Info: jtag_uart_0: Starting RTL generation for module 'Nios_V3_jtag_uart_0'
Info: jtag_uart_0:   Generation command is [exec /home/dylan/intelFPGA_lite/18.1/quartus/linux64/perl/bin/perl -I /home/dylan/intelFPGA_lite/18.1/quartus/linux64/perl/lib -I /home/dylan/intelFPGA_lite/18.1/quartus/sopc_builder/bin/europa -I /home/dylan/intelFPGA_lite/18.1/quartus/sopc_builder/bin/perl_lib -I /home/dylan/intelFPGA_lite/18.1/quartus/sopc_builder/bin -I /home/dylan/intelFPGA_lite/18.1/quartus/../ip/altera/sopc_builder_ip/common -I /home/dylan/intelFPGA_lite/18.1/quartus/../ip/altera/sopc_builder_ip/altera_avalon_jtag_uart -- /home/dylan/intelFPGA_lite/18.1/quartus/../ip/altera/sopc_builder_ip/altera_avalon_jtag_uart/generate_rtl.pl --name=Nios_V3_jtag_uart_0 --dir=/tmp/alt9797_7341996610817519027.dir/0004_jtag_uart_0_gen/ --quartus_dir=/home/dylan/intelFPGA_lite/18.1/quartus --verilog --config=/tmp/alt9797_7341996610817519027.dir/0004_jtag_uart_0_gen//Nios_V3_jtag_uart_0_component_configuration.pl  --do_build_sim=0  ]
Info: jtag_uart_0: Done RTL generation for module 'Nios_V3_jtag_uart_0'
Info: jtag_uart_0: "Nios_V3" instantiated altera_avalon_jtag_uart "jtag_uart_0"
Info: onchip_memory: Starting RTL generation for module 'Nios_V3_onchip_memory'
Info: onchip_memory:   Generation command is [exec /home/dylan/intelFPGA_lite/18.1/quartus/linux64/perl/bin/perl -I /home/dylan/intelFPGA_lite/18.1/quartus/linux64/perl/lib -I /home/dylan/intelFPGA_lite/18.1/quartus/sopc_builder/bin/europa -I /home/dylan/intelFPGA_lite/18.1/quartus/sopc_builder/bin/perl_lib -I /home/dylan/intelFPGA_lite/18.1/quartus/sopc_builder/bin -I /home/dylan/intelFPGA_lite/18.1/quartus/../ip/altera/sopc_builder_ip/common -I /home/dylan/intelFPGA_lite/18.1/quartus/../ip/altera/sopc_builder_ip/altera_avalon_onchip_memory2 -- /home/dylan/intelFPGA_lite/18.1/quartus/../ip/altera/sopc_builder_ip/altera_avalon_onchip_memory2/generate_rtl.pl --name=Nios_V3_onchip_memory --dir=/tmp/alt9797_7341996610817519027.dir/0005_onchip_memory_gen/ --quartus_dir=/home/dylan/intelFPGA_lite/18.1/quartus --verilog --config=/tmp/alt9797_7341996610817519027.dir/0005_onchip_memory_gen//Nios_V3_onchip_memory_component_configuration.pl  --do_build_sim=0  ]
Info: onchip_memory: Done RTL generation for module 'Nios_V3_onchip_memory'
Info: onchip_memory: "Nios_V3" instantiated altera_avalon_onchip_memory2 "onchip_memory"
Info: seven_seg_0: Starting RTL generation for module 'Nios_V3_seven_seg_0'
Info: seven_seg_0:   Generation command is [exec /home/dylan/intelFPGA_lite/18.1/quartus/linux64/perl/bin/perl -I /home/dylan/intelFPGA_lite/18.1/quartus/linux64/perl/lib -I /home/dylan/intelFPGA_lite/18.1/quartus/sopc_builder/bin/europa -I /home/dylan/intelFPGA_lite/18.1/quartus/sopc_builder/bin/perl_lib -I /home/dylan/intelFPGA_lite/18.1/quartus/sopc_builder/bin -I /home/dylan/intelFPGA_lite/18.1/quartus/../ip/altera/sopc_builder_ip/common -I /home/dylan/intelFPGA_lite/18.1/quartus/../ip/altera/sopc_builder_ip/altera_avalon_pio -- /home/dylan/intelFPGA_lite/18.1/quartus/../ip/altera/sopc_builder_ip/altera_avalon_pio/generate_rtl.pl --name=Nios_V3_seven_seg_0 --dir=/tmp/alt9797_7341996610817519027.dir/0006_seven_seg_0_gen/ --quartus_dir=/home/dylan/intelFPGA_lite/18.1/quartus --verilog --config=/tmp/alt9797_7341996610817519027.dir/0006_seven_seg_0_gen//Nios_V3_seven_seg_0_component_configuration.pl  --do_build_sim=0  ]
Info: seven_seg_0: Done RTL generation for module 'Nios_V3_seven_seg_0'
Info: seven_seg_0: "Nios_V3" instantiated altera_avalon_pio "seven_seg_0"
Info: switch_pio: Starting RTL generation for module 'Nios_V3_switch_pio'
Info: switch_pio:   Generation command is [exec /home/dylan/intelFPGA_lite/18.1/quartus/linux64/perl/bin/perl -I /home/dylan/intelFPGA_lite/18.1/quartus/linux64/perl/lib -I /home/dylan/intelFPGA_lite/18.1/quartus/sopc_builder/bin/europa -I /home/dylan/intelFPGA_lite/18.1/quartus/sopc_builder/bin/perl_lib -I /home/dylan/intelFPGA_lite/18.1/quartus/sopc_builder/bin -I /home/dylan/intelFPGA_lite/18.1/quartus/../ip/altera/sopc_builder_ip/common -I /home/dylan/intelFPGA_lite/18.1/quartus/../ip/altera/sopc_builder_ip/altera_avalon_pio -- /home/dylan/intelFPGA_lite/18.1/quartus/../ip/altera/sopc_builder_ip/altera_avalon_pio/generate_rtl.pl --name=Nios_V3_switch_pio --dir=/tmp/alt9797_7341996610817519027.dir/0007_switch_pio_gen/ --quartus_dir=/home/dylan/intelFPGA_lite/18.1/quartus --verilog --config=/tmp/alt9797_7341996610817519027.dir/0007_switch_pio_gen//Nios_V3_switch_pio_component_configuration.pl  --do_build_sim=0  ]
Info: switch_pio: Done RTL generation for module 'Nios_V3_switch_pio'
Info: switch_pio: "Nios_V3" instantiated altera_avalon_pio "switch_pio"
Info: sys_timer: Starting RTL generation for module 'Nios_V3_sys_timer'
Info: sys_timer:   Generation command is [exec /home/dylan/intelFPGA_lite/18.1/quartus/linux64//perl/bin/perl -I /home/dylan/intelFPGA_lite/18.1/quartus/linux64//perl/lib -I /home/dylan/intelFPGA_lite/18.1/quartus/sopc_builder/bin/europa -I /home/dylan/intelFPGA_lite/18.1/quartus/sopc_builder/bin/perl_lib -I /home/dylan/intelFPGA_lite/18.1/quartus/sopc_builder/bin -I /home/dylan/intelFPGA_lite/18.1/quartus/../ip/altera/sopc_builder_ip/common -I /home/dylan/intelFPGA_lite/18.1/quartus/../ip/altera/sopc_builder_ip/altera_avalon_timer -- /home/dylan/intelFPGA_lite/18.1/quartus/../ip/altera/sopc_builder_ip/altera_avalon_timer/generate_rtl.pl --name=Nios_V3_sys_timer --dir=/tmp/alt9797_7341996610817519027.dir/0008_sys_timer_gen/ --quartus_dir=/home/dylan/intelFPGA_lite/18.1/quartus --verilog --config=/tmp/alt9797_7341996610817519027.dir/0008_sys_timer_gen//Nios_V3_sys_timer_component_configuration.pl  --do_build_sim=0  ]
Info: sys_timer: Done RTL generation for module 'Nios_V3_sys_timer'
Info: sys_timer: "Nios_V3" instantiated altera_avalon_timer "sys_timer"
Info: avalon_st_adapter: Inserting error_adapter: error_adapter_0
Info: avalon_st_adapter_001: Inserting error_adapter: error_adapter_0
Info: avalon_st_adapter_002: Inserting error_adapter: error_adapter_0
Info: avalon_st_adapter_003: Inserting error_adapter: error_adapter_0
Info: avalon_st_adapter_004: Inserting error_adapter: error_adapter_0
Info: avalon_st_adapter_005: Inserting error_adapter: error_adapter_0
Info: avalon_st_adapter_006: Inserting error_adapter: error_adapter_0
Info: avalon_st_adapter_007: Inserting error_adapter: error_adapter_0
Info: avalon_st_adapter_008: Inserting error_adapter: error_adapter_0
Info: avalon_st_adapter_009: Inserting error_adapter: error_adapter_0
Info: avalon_st_adapter_010: Inserting error_adapter: error_adapter_0
Info: mm_interconnect_0: "Nios_V3" instantiated altera_mm_interconnect "mm_interconnect_0"
Info: irq_mapper: "Nios_V3" instantiated altera_irq_mapper "irq_mapper"
Info: rst_controller: "Nios_V3" instantiated altera_reset_controller "rst_controller"
Info: cpu: Starting RTL generation for module 'Nios_V3_cpu_cpu'
Info: cpu:   Generation command is [exec /home/dylan/intelFPGA_lite/18.1/quartus/linux64//eperlcmd -I /home/dylan/intelFPGA_lite/18.1/quartus/linux64//perl/lib -I /home/dylan/intelFPGA_lite/18.1/quartus/sopc_builder/bin/europa -I /home/dylan/intelFPGA_lite/18.1/quartus/sopc_builder/bin/perl_lib -I /home/dylan/intelFPGA_lite/18.1/quartus/sopc_builder/bin -I /home/dylan/intelFPGA_lite/18.1/quartus/../ip/altera/nios2_ip/altera_nios2_gen2/cpu_lib -I /home/dylan/intelFPGA_lite/18.1/quartus/../ip/altera/nios2_ip/altera_nios2_gen2/nios_lib -I /home/dylan/intelFPGA_lite/18.1/quartus/../ip/altera/nios2_ip/altera_nios2_gen2 -I /home/dylan/intelFPGA_lite/18.1/quartus/../ip/altera/nios2_ip/altera_nios2_gen2 -- /home/dylan/intelFPGA_lite/18.1/quartus/../ip/altera/nios2_ip/altera_nios2_gen2/generate_rtl.epl --name=Nios_V3_cpu_cpu --dir=/tmp/alt9797_7341996610817519027.dir/0011_cpu_gen/ --quartus_bindir=/home/dylan/intelFPGA_lite/18.1/quartus/linux64/ --verilog --config=/tmp/alt9797_7341996610817519027.dir/0011_cpu_gen//Nios_V3_cpu_cpu_processor_configuration.pl  --do_build_sim=0  ]
Info: cpu: # 2024.03.15 14:58:12 (*) Starting Nios II generation
Info: cpu: # 2024.03.15 14:58:12 (*)   Checking for plaintext license.
Info: cpu: # 2024.03.15 14:58:13 (*)   Couldn't query license setup in Quartus directory /home/dylan/intelFPGA_lite/18.1/quartus/linux64/
Info: cpu: # 2024.03.15 14:58:13 (*)   Defaulting to contents of LM_LICENSE_FILE environment variable
Info: cpu: # 2024.03.15 14:58:13 (*)   LM_LICENSE_FILE environment variable is empty
Info: cpu: # 2024.03.15 14:58:13 (*)   Plaintext license not found.
Info: cpu: # 2024.03.15 14:58:13 (*)   Checking for encrypted license (non-evaluation).
Info: cpu: # 2024.03.15 14:58:15 (*)   Couldn't query license setup in Quartus directory /home/dylan/intelFPGA_lite/18.1/quartus/linux64/
Info: cpu: # 2024.03.15 14:58:15 (*)   Defaulting to contents of LM_LICENSE_FILE environment variable
Info: cpu: # 2024.03.15 14:58:15 (*)   LM_LICENSE_FILE environment variable is empty
Info: cpu: # 2024.03.15 14:58:15 (*)   Encrypted license not found.  Defaulting to OCP evaluation license (produces a time-limited SOF)
Info: cpu: # 2024.03.15 14:58:15 (*)   Elaborating CPU configuration settings
Info: cpu: # 2024.03.15 14:58:15 (*)   Creating all objects for CPU
Info: cpu: # 2024.03.15 14:58:15 (*)     Testbench
Info: cpu: # 2024.03.15 14:58:16 (*)     Instruction decoding
Info: cpu: # 2024.03.15 14:58:16 (*)       Instruction fields
Info: cpu: # 2024.03.15 14:58:16 (*)       Instruction decodes
Info: cpu: # 2024.03.15 14:58:17 (*)       Signals for RTL simulation waveforms
Info: cpu: # 2024.03.15 14:58:17 (*)       Instruction controls
Info: cpu: # 2024.03.15 14:58:18 (*)     Pipeline frontend
Info: cpu: # 2024.03.15 14:58:18 (*)     Pipeline backend
Info: cpu: # 2024.03.15 14:58:25 (*)   Generating RTL from CPU objects
Info: cpu: # 2024.03.15 14:58:31 (*)   Creating encrypted RTL
Info: cpu: # 2024.03.15 14:58:33 (*) Done Nios II generation
Info: cpu: Done RTL generation for module 'Nios_V3_cpu_cpu'
Info: cpu: "cpu" instantiated altera_nios2_gen2_unit "cpu"
Info: cpu_data_master_translator: "mm_interconnect_0" instantiated altera_merlin_master_translator "cpu_data_master_translator"
Info: jtag_uart_0_avalon_jtag_slave_translator: "mm_interconnect_0" instantiated altera_merlin_slave_translator "jtag_uart_0_avalon_jtag_slave_translator"
Info: cpu_data_master_agent: "mm_interconnect_0" instantiated altera_merlin_master_agent "cpu_data_master_agent"
Info: jtag_uart_0_avalon_jtag_slave_agent: "mm_interconnect_0" instantiated altera_merlin_slave_agent "jtag_uart_0_avalon_jtag_slave_agent"
Info: jtag_uart_0_avalon_jtag_slave_agent_rsp_fifo: "mm_interconnect_0" instantiated altera_avalon_sc_fifo "jtag_uart_0_avalon_jtag_slave_agent_rsp_fifo"
Info: router: "mm_interconnect_0" instantiated altera_merlin_router "router"
Info: router_001: "mm_interconnect_0" instantiated altera_merlin_router "router_001"
Info: router_002: "mm_interconnect_0" instantiated altera_merlin_router "router_002"
Info: router_003: "mm_interconnect_0" instantiated altera_merlin_router "router_003"
Info: cpu_data_master_limiter: "mm_interconnect_0" instantiated altera_merlin_traffic_limiter "cpu_data_master_limiter"
Info: Reusing file /home/dylan/Workspace/COMPSYS701/Lab3/Nios_V3/synthesis/submodules/altera_avalon_sc_fifo.v
Info: cmd_demux: "mm_interconnect_0" instantiated altera_merlin_demultiplexer "cmd_demux"
Info: cmd_demux_001: "mm_interconnect_0" instantiated altera_merlin_demultiplexer "cmd_demux_001"
Info: cmd_mux: "mm_interconnect_0" instantiated altera_merlin_multiplexer "cmd_mux"
Info: cmd_mux_001: "mm_interconnect_0" instantiated altera_merlin_multiplexer "cmd_mux_001"
Info: Reusing file /home/dylan/Workspace/COMPSYS701/Lab3/Nios_V3/synthesis/submodules/altera_merlin_arbitrator.sv
Info: rsp_demux: "mm_interconnect_0" instantiated altera_merlin_demultiplexer "rsp_demux"
Info: rsp_demux_001: "mm_interconnect_0" instantiated altera_merlin_demultiplexer "rsp_demux_001"
Info: rsp_mux: "mm_interconnect_0" instantiated altera_merlin_multiplexer "rsp_mux"
Info: Reusing file /home/dylan/Workspace/COMPSYS701/Lab3/Nios_V3/synthesis/submodules/altera_merlin_arbitrator.sv
Info: rsp_mux_001: "mm_interconnect_0" instantiated altera_merlin_multiplexer "rsp_mux_001"
Info: Reusing file /home/dylan/Workspace/COMPSYS701/Lab3/Nios_V3/synthesis/submodules/altera_merlin_arbitrator.sv
Info: avalon_st_adapter: "mm_interconnect_0" instantiated altera_avalon_st_adapter "avalon_st_adapter"
Info: error_adapter_0: "avalon_st_adapter" instantiated error_adapter "error_adapter_0"
Info: Nios_V3: Done "Nios_V3" with 33 modules, 53 files
Info: qsys-generate succeeded.
Info: Finished: Create HDL design files for synthesis
