Info: Starting: Create block symbol file (.bsf)
Info: qsys-generate /home/dylan/Workspace/COMPSYS701/Lab1/Nios_V1.qsys --block-symbol-file --output-directory=/home/dylan/Workspace/COMPSYS701/Lab1/Nios_V1 --family="Cyclone V" --part=5CSEMA5F31C6
Progress: Loading Lab1/Nios_V1.qsys
Progress: Reading input file
Progress: Adding LED_pio [altera_avalon_pio 23.1]
Progress: Parameterizing module LED_pio
Progress: Adding clk [clock_source 23.1]
Progress: Parameterizing module clk
Progress: Adding cpu [altera_nios2_gen2 23.1]
Progress: Parameterizing module cpu
Progress: Adding jtag_uart_0 [altera_avalon_jtag_uart 23.1]
Progress: Parameterizing module jtag_uart_0
Progress: Adding onchip_memory [altera_avalon_onchip_memory2 23.1]
Progress: Parameterizing module onchip_memory
Progress: Adding sys_timer [altera_avalon_timer 23.1]
Progress: Parameterizing module sys_timer
Progress: Building connections
Progress: Parameterizing connections
Progress: Validating
Progress: Done reading input file
Warning: Nios_V1.cpu: Nios II cores are not recommended for new projects and are subject to removal in a future release. Nios V cores are the recommended replacement as applicable.
Info: Nios_V1.jtag_uart_0: JTAG UART IP input clock need to be at least double (2x) the operating frequency of JTAG TCK on board
Info: qsys-generate succeeded.
Info: Finished: Create block symbol file (.bsf)
Info: 
Info: Starting: Create HDL design files for synthesis
Info: qsys-generate /home/dylan/Workspace/COMPSYS701/Lab1/Nios_V1.qsys --synthesis=VHDL --output-directory=/home/dylan/Workspace/COMPSYS701/Lab1/Nios_V1/synthesis --family="Cyclone V" --part=5CSEMA5F31C6
Progress: Loading Lab1/Nios_V1.qsys
Progress: Reading input file
Progress: Adding LED_pio [altera_avalon_pio 23.1]
Progress: Parameterizing module LED_pio
Progress: Adding clk [clock_source 23.1]
Progress: Parameterizing module clk
Progress: Adding cpu [altera_nios2_gen2 23.1]
Progress: Parameterizing module cpu
Progress: Adding jtag_uart_0 [altera_avalon_jtag_uart 23.1]
Progress: Parameterizing module jtag_uart_0
Progress: Adding onchip_memory [altera_avalon_onchip_memory2 23.1]
Progress: Parameterizing module onchip_memory
Progress: Adding sys_timer [altera_avalon_timer 23.1]
Progress: Parameterizing module sys_timer
Progress: Building connections
Progress: Parameterizing connections
Progress: Validating
Progress: Done reading input file
Warning: Nios_V1.cpu: Nios II cores are not recommended for new projects and are subject to removal in a future release. Nios V cores are the recommended replacement as applicable.
Info: Nios_V1.jtag_uart_0: JTAG UART IP input clock need to be at least double (2x) the operating frequency of JTAG TCK on board
Info: Nios_V1: Generating Nios_V1 "Nios_V1" for QUARTUS_SYNTH
Info: LED_pio: Starting RTL generation for module 'Nios_V1_LED_pio'
Info: LED_pio:   Generation command is [exec /opt/intelFPGA/23.1/quartus/linux64/perl/bin/perl -I /opt/intelFPGA/23.1/quartus/linux64/perl/lib -I /opt/intelFPGA/23.1/quartus/sopc_builder/bin/europa -I /opt/intelFPGA/23.1/quartus/sopc_builder/bin -I /opt/intelFPGA/23.1/quartus/../ip/altera/sopc_builder_ip/common -I /opt/intelFPGA/23.1/quartus/../ip/altera/sopc_builder_ip/altera_avalon_pio -- /opt/intelFPGA/23.1/quartus/../ip/altera/sopc_builder_ip/altera_avalon_pio/generate_rtl.pl --name=Nios_V1_LED_pio --dir=/tmp/alt9791_796845536525753583.dir/0002_LED_pio_gen/ --quartus_dir=/opt/intelFPGA/23.1/quartus --verilog --config=/tmp/alt9791_796845536525753583.dir/0002_LED_pio_gen//Nios_V1_LED_pio_component_configuration.pl  --do_build_sim=0  ]
Info: LED_pio: perl: warning: Setting locale failed.
Info: LED_pio: perl: warning: Please check that your locale settings:
Info: LED_pio: 	LANGUAGE = (unset),
Info: LED_pio: 	LC_ALL = (unset),
Info: LED_pio: 	LC_CTYPE = "en_US.UTF-8",
Info: LED_pio: 	LANG = "C"
Info: LED_pio:     are supported and installed on your system.
Info: LED_pio: perl: warning: Falling back to the standard locale ("C").
Info: LED_pio: Done RTL generation for module 'Nios_V1_LED_pio'
Info: LED_pio: "Nios_V1" instantiated altera_avalon_pio "LED_pio"
Info: cpu: "Nios_V1" instantiated altera_nios2_gen2 "cpu"
Info: jtag_uart_0: Starting RTL generation for module 'Nios_V1_jtag_uart_0'
Info: jtag_uart_0:   Generation command is [exec /opt/intelFPGA/23.1/quartus/linux64/perl/bin/perl -I /opt/intelFPGA/23.1/quartus/linux64/perl/lib -I /opt/intelFPGA/23.1/quartus/sopc_builder/bin/europa -I /opt/intelFPGA/23.1/quartus/sopc_builder/bin -I /opt/intelFPGA/23.1/quartus/../ip/altera/sopc_builder_ip/common -I /opt/intelFPGA/23.1/quartus/../ip/altera/sopc_builder_ip/altera_avalon_jtag_uart -- /opt/intelFPGA/23.1/quartus/../ip/altera/sopc_builder_ip/altera_avalon_jtag_uart/generate_rtl.pl --name=Nios_V1_jtag_uart_0 --dir=/tmp/alt9791_796845536525753583.dir/0003_jtag_uart_0_gen/ --quartus_dir=/opt/intelFPGA/23.1/quartus --verilog --config=/tmp/alt9791_796845536525753583.dir/0003_jtag_uart_0_gen//Nios_V1_jtag_uart_0_component_configuration.pl  --do_build_sim=0  ]
Info: jtag_uart_0: perl: warning: Setting locale failed.
Info: jtag_uart_0: perl: warning: Please check that your locale settings:
Info: jtag_uart_0: 	LANGUAGE = (unset),
Info: jtag_uart_0: 	LC_ALL = (unset),
Info: jtag_uart_0: 	LC_CTYPE = "en_US.UTF-8",
Info: jtag_uart_0: 	LANG = "C"
Info: jtag_uart_0:     are supported and installed on your system.
Info: jtag_uart_0: perl: warning: Falling back to the standard locale ("C").
Info: jtag_uart_0: Done RTL generation for module 'Nios_V1_jtag_uart_0'
Info: jtag_uart_0: "Nios_V1" instantiated altera_avalon_jtag_uart "jtag_uart_0"
Info: onchip_memory: Starting RTL generation for module 'Nios_V1_onchip_memory'
Info: onchip_memory:   Generation command is [exec /opt/intelFPGA/23.1/quartus/linux64/perl/bin/perl -I /opt/intelFPGA/23.1/quartus/linux64/perl/lib -I /opt/intelFPGA/23.1/quartus/sopc_builder/bin/europa -I /opt/intelFPGA/23.1/quartus/sopc_builder/bin -I /opt/intelFPGA/23.1/quartus/../ip/altera/sopc_builder_ip/common -I /opt/intelFPGA/23.1/quartus/../ip/altera/sopc_builder_ip/altera_avalon_onchip_memory2 -- /opt/intelFPGA/23.1/quartus/../ip/altera/sopc_builder_ip/altera_avalon_onchip_memory2/generate_rtl.pl --name=Nios_V1_onchip_memory --dir=/tmp/alt9791_796845536525753583.dir/0004_onchip_memory_gen/ --quartus_dir=/opt/intelFPGA/23.1/quartus --verilog --config=/tmp/alt9791_796845536525753583.dir/0004_onchip_memory_gen//Nios_V1_onchip_memory_component_configuration.pl  --do_build_sim=0  ]
Info: onchip_memory: perl: warning: Setting locale failed.
Info: onchip_memory: perl: warning: Please check that your locale settings:
Info: onchip_memory: 	LANGUAGE = (unset),
Info: onchip_memory: 	LC_ALL = (unset),
Info: onchip_memory: 	LC_CTYPE = "en_US.UTF-8",
Info: onchip_memory: 	LANG = "C"
Info: onchip_memory:     are supported and installed on your system.
Info: onchip_memory: perl: warning: Falling back to the standard locale ("C").
Info: onchip_memory: Done RTL generation for module 'Nios_V1_onchip_memory'
Info: onchip_memory: "Nios_V1" instantiated altera_avalon_onchip_memory2 "onchip_memory"
Info: sys_timer: Starting RTL generation for module 'Nios_V1_sys_timer'
Info: sys_timer:   Generation command is [exec /opt/intelFPGA/23.1/quartus/linux64//perl/bin/perl -I /opt/intelFPGA/23.1/quartus/linux64//perl/lib -I /opt/intelFPGA/23.1/quartus/sopc_builder/bin/europa -I /opt/intelFPGA/23.1/quartus/sopc_builder/bin -I /opt/intelFPGA/23.1/quartus/../ip/altera/sopc_builder_ip/common -I /opt/intelFPGA/23.1/quartus/../ip/altera/sopc_builder_ip/altera_avalon_timer -- /opt/intelFPGA/23.1/quartus/../ip/altera/sopc_builder_ip/altera_avalon_timer/generate_rtl.pl --name=Nios_V1_sys_timer --dir=/tmp/alt9791_796845536525753583.dir/0005_sys_timer_gen/ --quartus_dir=/opt/intelFPGA/23.1/quartus --verilog --config=/tmp/alt9791_796845536525753583.dir/0005_sys_timer_gen//Nios_V1_sys_timer_component_configuration.pl  --do_build_sim=0  ]
Info: sys_timer: perl: warning: Setting locale failed.
Info: sys_timer: perl: warning: Please check that your locale settings:
Info: sys_timer: 	LANGUAGE = (unset),
Info: sys_timer: 	LC_ALL = (unset),
Info: sys_timer: 	LC_CTYPE = "en_US.UTF-8",
Info: sys_timer: 	LANG = "C"
Info: sys_timer:     are supported and installed on your system.
Info: sys_timer: perl: warning: Falling back to the standard locale ("C").
Info: sys_timer: Done RTL generation for module 'Nios_V1_sys_timer'
Info: sys_timer: "Nios_V1" instantiated altera_avalon_timer "sys_timer"
Info: avalon_st_adapter: Inserting error_adapter: error_adapter_0
Info: avalon_st_adapter_001: Inserting error_adapter: error_adapter_0
Info: avalon_st_adapter_002: Inserting error_adapter: error_adapter_0
Info: avalon_st_adapter_003: Inserting error_adapter: error_adapter_0
Info: avalon_st_adapter_004: Inserting error_adapter: error_adapter_0
Info: mm_interconnect_0: "Nios_V1" instantiated altera_mm_interconnect "mm_interconnect_0"
Info: irq_mapper: "Nios_V1" instantiated altera_irq_mapper "irq_mapper"
Info: rst_controller: "Nios_V1" instantiated altera_reset_controller "rst_controller"
Info: cpu: Starting RTL generation for module 'Nios_V1_cpu_cpu'
Info: cpu:   Generation command is [exec /opt/intelFPGA/23.1/quartus/linux64//perl/bin/perl -I /opt/intelFPGA/23.1/quartus/linux64//perl/lib -I /opt/intelFPGA/23.1/quartus/sopc_builder/bin/europa -I /opt/intelFPGA/23.1/quartus/sopc_builder/bin -I /opt/intelFPGA/23.1/quartus/../ip/altera/nios2_ip/altera_nios2_gen2/cpu_lib -I /opt/intelFPGA/23.1/quartus/../ip/altera/nios2_ip/altera_nios2_gen2/nios_lib -I /opt/intelFPGA/23.1/quartus/../ip/altera/nios2_ip/altera_nios2_gen2 -I /opt/intelFPGA/23.1/quartus/../ip/altera/nios2_ip/altera_nios2_gen2 -- /opt/intelFPGA/23.1/quartus/../ip/altera/nios2_ip/altera_nios2_gen2/generate_rtl.pl --name=Nios_V1_cpu_cpu --dir=/tmp/alt9791_796845536525753583.dir/0008_cpu_gen/ --quartus_bindir=/opt/intelFPGA/23.1/quartus/linux64/ --verilog --config=/tmp/alt9791_796845536525753583.dir/0008_cpu_gen//Nios_V1_cpu_cpu_processor_configuration.pl  --do_build_sim=0  ]
Info: cpu: # 2024.03.09 14:03:24 (*) Starting Nios II generation
Info: cpu: # 2024.03.09 14:03:24 (*)   Elaborating CPU configuration settings
Info: cpu: # 2024.03.09 14:03:24 (*)   Creating all objects for CPU
Info: cpu: # 2024.03.09 14:03:24 (*)     Testbench
Info: cpu: # 2024.03.09 14:03:24 (*)     Instruction decoding
Info: cpu: # 2024.03.09 14:03:24 (*)       Instruction fields
Info: cpu: # 2024.03.09 14:03:24 (*)       Instruction decodes
Info: cpu: # 2024.03.09 14:03:24 (*)       Signals for RTL simulation waveforms
Info: cpu: # 2024.03.09 14:03:24 (*)       Instruction controls
Info: cpu: # 2024.03.09 14:03:24 (*)     Pipeline frontend
Info: cpu: # 2024.03.09 14:03:24 (*)     Pipeline backend
Info: cpu: # 2024.03.09 14:03:25 (*)   Generating RTL from CPU objects
Info: cpu: # 2024.03.09 14:03:25 (*)   Creating plain-text RTL
Info: cpu: # 2024.03.09 14:03:26 (*) Done Nios II generation
Info: cpu: perl: warning: Setting locale failed.
Info: cpu: perl: warning: Please check that your locale settings:
Info: cpu: 	LANGUAGE = (unset),
Info: cpu: 	LC_ALL = (unset),
Info: cpu: 	LC_CTYPE = "en_US.UTF-8",
Info: cpu: 	LANG = "C"
Info: cpu:     are supported and installed on your system.
Info: cpu: perl: warning: Falling back to the standard locale ("C").
Info: cpu: Done RTL generation for module 'Nios_V1_cpu_cpu'
Info: cpu: "cpu" instantiated altera_nios2_gen2_unit "cpu"
Info: cpu_data_master_translator: "mm_interconnect_0" instantiated altera_merlin_master_translator "cpu_data_master_translator"
Info: jtag_uart_0_avalon_jtag_slave_translator: "mm_interconnect_0" instantiated altera_merlin_slave_translator "jtag_uart_0_avalon_jtag_slave_translator"
Info: cpu_data_master_agent: "mm_interconnect_0" instantiated altera_merlin_master_agent "cpu_data_master_agent"
Info: jtag_uart_0_avalon_jtag_slave_agent: "mm_interconnect_0" instantiated altera_merlin_slave_agent "jtag_uart_0_avalon_jtag_slave_agent"
Info: jtag_uart_0_avalon_jtag_slave_agent_rsp_fifo: "mm_interconnect_0" instantiated altera_avalon_sc_fifo "jtag_uart_0_avalon_jtag_slave_agent_rsp_fifo"
Info: router: "mm_interconnect_0" instantiated altera_merlin_router "router"
Info: router_001: "mm_interconnect_0" instantiated altera_merlin_router "router_001"
Info: router_002: "mm_interconnect_0" instantiated altera_merlin_router "router_002"
Info: router_003: "mm_interconnect_0" instantiated altera_merlin_router "router_003"
Info: cpu_data_master_limiter: "mm_interconnect_0" instantiated altera_merlin_traffic_limiter "cpu_data_master_limiter"
Info: Reusing file /home/dylan/Workspace/COMPSYS701/Lab1/Nios_V1/synthesis/submodules/altera_avalon_sc_fifo.v
Info: cmd_demux: "mm_interconnect_0" instantiated altera_merlin_demultiplexer "cmd_demux"
Info: cmd_demux_001: "mm_interconnect_0" instantiated altera_merlin_demultiplexer "cmd_demux_001"
Info: cmd_mux: "mm_interconnect_0" instantiated altera_merlin_multiplexer "cmd_mux"
Info: cmd_mux_001: "mm_interconnect_0" instantiated altera_merlin_multiplexer "cmd_mux_001"
Info: Reusing file /home/dylan/Workspace/COMPSYS701/Lab1/Nios_V1/synthesis/submodules/altera_merlin_arbitrator.sv
Info: rsp_demux: "mm_interconnect_0" instantiated altera_merlin_demultiplexer "rsp_demux"
Info: rsp_demux_001: "mm_interconnect_0" instantiated altera_merlin_demultiplexer "rsp_demux_001"
Info: rsp_mux: "mm_interconnect_0" instantiated altera_merlin_multiplexer "rsp_mux"
Info: Reusing file /home/dylan/Workspace/COMPSYS701/Lab1/Nios_V1/synthesis/submodules/altera_merlin_arbitrator.sv
Info: rsp_mux_001: "mm_interconnect_0" instantiated altera_merlin_multiplexer "rsp_mux_001"
Info: Reusing file /home/dylan/Workspace/COMPSYS701/Lab1/Nios_V1/synthesis/submodules/altera_merlin_arbitrator.sv
Info: avalon_st_adapter: "mm_interconnect_0" instantiated altera_avalon_st_adapter "avalon_st_adapter"
Info: error_adapter_0: "avalon_st_adapter" instantiated error_adapter "error_adapter_0"
Info: Nios_V1: Done "Nios_V1" with 30 modules, 51 files
Info: qsys-generate succeeded.
Info: Finished: Create HDL design files for synthesis
