Info: Starting: Create block symbol file (.bsf)
Info: qsys-generate H:\PartIV\COMPSYS701\Lab1\Task4\Nios_System_4.qsys --block-symbol-file --output-directory=H:\PartIV\COMPSYS701\Lab1\Task4\Nios_System_4 --family="Cyclone V" --part=5CSEMA5F31C6
Progress: Loading Task4/Nios_System_4.qsys
Progress: Reading input file
Progress: Adding BUTTON_pio [altera_avalon_pio 18.1]
Progress: Parameterizing module BUTTON_pio
Progress: Adding LED_pio [altera_avalon_pio 18.1]
Progress: Parameterizing module LED_pio
Progress: Adding NOC_Input [altera_avalon_pio 18.1]
Progress: Parameterizing module NOC_Input
Progress: Adding NOC_Output [altera_avalon_pio 18.1]
Progress: Parameterizing module NOC_Output
Progress: Adding SWITCH_pio [altera_avalon_pio 18.1]
Progress: Parameterizing module SWITCH_pio
Progress: Adding clocks [altera_up_avalon_sys_sdram_pll 18.0]
Progress: Parameterizing module clocks
Progress: Adding cpu [altera_nios2_gen2 18.1]
Progress: Parameterizing module cpu
Progress: Adding high_res_timer [altera_avalon_timer 18.1]
Progress: Parameterizing module high_res_timer
Progress: Adding jtag_uart [altera_avalon_jtag_uart 18.1]
Progress: Parameterizing module jtag_uart
Progress: Adding onchip_memory [altera_avalon_onchip_memory2 18.1]
Progress: Parameterizing module onchip_memory
Progress: Adding sdram [altera_avalon_new_sdram_controller 18.1]
Progress: Parameterizing module sdram
Progress: Adding seven_seg_0 [altera_avalon_pio 18.1]
Progress: Parameterizing module seven_seg_0
Progress: Adding seven_seg_1 [altera_avalon_pio 18.1]
Progress: Parameterizing module seven_seg_1
Progress: Adding seven_seg_2 [altera_avalon_pio 18.1]
Progress: Parameterizing module seven_seg_2
Progress: Adding seven_seg_3 [altera_avalon_pio 18.1]
Progress: Parameterizing module seven_seg_3
Progress: Building connections
Progress: Parameterizing connections
Progress: Validating
Progress: Done reading input file
Info: Nios_System_4.BUTTON_pio: PIO inputs are not hardwired in test bench. Undefined values will be read from PIO inputs during simulation.
Info: Nios_System_4.NOC_Input: PIO inputs are not hardwired in test bench. Undefined values will be read from PIO inputs during simulation.
Info: Nios_System_4.SWITCH_pio: PIO inputs are not hardwired in test bench. Undefined values will be read from PIO inputs during simulation.
Info: Nios_System_4.clocks: Refclk Freq: 50.0
Info: Nios_System_4.jtag_uart: JTAG UART IP input clock need to be at least double (2x) the operating frequency of JTAG TCK on board
Info: Nios_System_4.sdram: SDRAM Controller will only be supported in Quartus Prime Standard Edition in the future release.
Warning: Nios_System_4.NOC_Input: NOC_Input.s1 must be connected to an Avalon-MM master
Warning: Nios_System_4.NOC_Output: NOC_Output.s1 must be connected to an Avalon-MM master
Info: qsys-generate succeeded.
Info: Finished: Create block symbol file (.bsf)
Info: 
Info: Starting: Create HDL design files for synthesis
Info: qsys-generate H:\PartIV\COMPSYS701\Lab1\Task4\Nios_System_4.qsys --synthesis=VHDL --output-directory=H:\PartIV\COMPSYS701\Lab1\Task4\Nios_System_4\synthesis --family="Cyclone V" --part=5CSEMA5F31C6
Progress: Loading Task4/Nios_System_4.qsys
Progress: Reading input file
Progress: Adding BUTTON_pio [altera_avalon_pio 18.1]
Progress: Parameterizing module BUTTON_pio
Progress: Adding LED_pio [altera_avalon_pio 18.1]
Progress: Parameterizing module LED_pio
Progress: Adding NOC_Input [altera_avalon_pio 18.1]
Progress: Parameterizing module NOC_Input
Progress: Adding NOC_Output [altera_avalon_pio 18.1]
Progress: Parameterizing module NOC_Output
Progress: Adding SWITCH_pio [altera_avalon_pio 18.1]
Progress: Parameterizing module SWITCH_pio
Progress: Adding clocks [altera_up_avalon_sys_sdram_pll 18.0]
Progress: Parameterizing module clocks
Progress: Adding cpu [altera_nios2_gen2 18.1]
Progress: Parameterizing module cpu
Progress: Adding high_res_timer [altera_avalon_timer 18.1]
Progress: Parameterizing module high_res_timer
Progress: Adding jtag_uart [altera_avalon_jtag_uart 18.1]
Progress: Parameterizing module jtag_uart
Progress: Adding onchip_memory [altera_avalon_onchip_memory2 18.1]
Progress: Parameterizing module onchip_memory
Progress: Adding sdram [altera_avalon_new_sdram_controller 18.1]
Progress: Parameterizing module sdram
Progress: Adding seven_seg_0 [altera_avalon_pio 18.1]
Progress: Parameterizing module seven_seg_0
Progress: Adding seven_seg_1 [altera_avalon_pio 18.1]
Progress: Parameterizing module seven_seg_1
Progress: Adding seven_seg_2 [altera_avalon_pio 18.1]
Progress: Parameterizing module seven_seg_2
Progress: Adding seven_seg_3 [altera_avalon_pio 18.1]
Progress: Parameterizing module seven_seg_3
Progress: Building connections
Progress: Parameterizing connections
Progress: Validating
Progress: Done reading input file
Info: Nios_System_4.BUTTON_pio: PIO inputs are not hardwired in test bench. Undefined values will be read from PIO inputs during simulation.
Info: Nios_System_4.NOC_Input: PIO inputs are not hardwired in test bench. Undefined values will be read from PIO inputs during simulation.
Info: Nios_System_4.SWITCH_pio: PIO inputs are not hardwired in test bench. Undefined values will be read from PIO inputs during simulation.
Info: Nios_System_4.clocks: Refclk Freq: 50.0
Info: Nios_System_4.jtag_uart: JTAG UART IP input clock need to be at least double (2x) the operating frequency of JTAG TCK on board
Info: Nios_System_4.sdram: SDRAM Controller will only be supported in Quartus Prime Standard Edition in the future release.
Warning: Nios_System_4.NOC_Input: NOC_Input.s1 must be connected to an Avalon-MM master
Warning: Nios_System_4.NOC_Output: NOC_Output.s1 must be connected to an Avalon-MM master
Info: Nios_System_4: Generating Nios_System_4 "Nios_System_4" for QUARTUS_SYNTH
Info: BUTTON_pio: Starting RTL generation for module 'Nios_System_4_BUTTON_pio'
Info: BUTTON_pio:   Generation command is [exec C:/intelfpga/18.1/quartus/bin64/perl/bin/perl.exe -I C:/intelfpga/18.1/quartus/bin64/perl/lib -I C:/intelfpga/18.1/quartus/sopc_builder/bin/europa -I C:/intelfpga/18.1/quartus/sopc_builder/bin/perl_lib -I C:/intelfpga/18.1/quartus/sopc_builder/bin -I C:/intelfpga/18.1/quartus/../ip/altera/sopc_builder_ip/common -I C:/intelfpga/18.1/quartus/../ip/altera/sopc_builder_ip/altera_avalon_pio -- C:/intelfpga/18.1/quartus/../ip/altera/sopc_builder_ip/altera_avalon_pio/generate_rtl.pl --name=Nios_System_4_BUTTON_pio --dir=C:/Users/fosu562/AppData/Local/Temp/alt9839_7876738724767895873.dir/0002_BUTTON_pio_gen/ --quartus_dir=C:/intelfpga/18.1/quartus --verilog --config=C:/Users/fosu562/AppData/Local/Temp/alt9839_7876738724767895873.dir/0002_BUTTON_pio_gen//Nios_System_4_BUTTON_pio_component_configuration.pl  --do_build_sim=0  ]
Info: BUTTON_pio: Done RTL generation for module 'Nios_System_4_BUTTON_pio'
Info: BUTTON_pio: "Nios_System_4" instantiated altera_avalon_pio "BUTTON_pio"
Info: LED_pio: Starting RTL generation for module 'Nios_System_4_LED_pio'
Info: LED_pio:   Generation command is [exec C:/intelfpga/18.1/quartus/bin64/perl/bin/perl.exe -I C:/intelfpga/18.1/quartus/bin64/perl/lib -I C:/intelfpga/18.1/quartus/sopc_builder/bin/europa -I C:/intelfpga/18.1/quartus/sopc_builder/bin/perl_lib -I C:/intelfpga/18.1/quartus/sopc_builder/bin -I C:/intelfpga/18.1/quartus/../ip/altera/sopc_builder_ip/common -I C:/intelfpga/18.1/quartus/../ip/altera/sopc_builder_ip/altera_avalon_pio -- C:/intelfpga/18.1/quartus/../ip/altera/sopc_builder_ip/altera_avalon_pio/generate_rtl.pl --name=Nios_System_4_LED_pio --dir=C:/Users/fosu562/AppData/Local/Temp/alt9839_7876738724767895873.dir/0003_LED_pio_gen/ --quartus_dir=C:/intelfpga/18.1/quartus --verilog --config=C:/Users/fosu562/AppData/Local/Temp/alt9839_7876738724767895873.dir/0003_LED_pio_gen//Nios_System_4_LED_pio_component_configuration.pl  --do_build_sim=0  ]
Info: LED_pio: Done RTL generation for module 'Nios_System_4_LED_pio'
Info: LED_pio: "Nios_System_4" instantiated altera_avalon_pio "LED_pio"
Info: NOC_Input: Starting RTL generation for module 'Nios_System_4_NOC_Input'
Info: NOC_Input:   Generation command is [exec C:/intelfpga/18.1/quartus/bin64/perl/bin/perl.exe -I C:/intelfpga/18.1/quartus/bin64/perl/lib -I C:/intelfpga/18.1/quartus/sopc_builder/bin/europa -I C:/intelfpga/18.1/quartus/sopc_builder/bin/perl_lib -I C:/intelfpga/18.1/quartus/sopc_builder/bin -I C:/intelfpga/18.1/quartus/../ip/altera/sopc_builder_ip/common -I C:/intelfpga/18.1/quartus/../ip/altera/sopc_builder_ip/altera_avalon_pio -- C:/intelfpga/18.1/quartus/../ip/altera/sopc_builder_ip/altera_avalon_pio/generate_rtl.pl --name=Nios_System_4_NOC_Input --dir=C:/Users/fosu562/AppData/Local/Temp/alt9839_7876738724767895873.dir/0004_NOC_Input_gen/ --quartus_dir=C:/intelfpga/18.1/quartus --verilog --config=C:/Users/fosu562/AppData/Local/Temp/alt9839_7876738724767895873.dir/0004_NOC_Input_gen//Nios_System_4_NOC_Input_component_configuration.pl  --do_build_sim=0  ]
Info: NOC_Input: Done RTL generation for module 'Nios_System_4_NOC_Input'
Info: NOC_Input: "Nios_System_4" instantiated altera_avalon_pio "NOC_Input"
Info: NOC_Output: Starting RTL generation for module 'Nios_System_4_NOC_Output'
Info: NOC_Output:   Generation command is [exec C:/intelfpga/18.1/quartus/bin64/perl/bin/perl.exe -I C:/intelfpga/18.1/quartus/bin64/perl/lib -I C:/intelfpga/18.1/quartus/sopc_builder/bin/europa -I C:/intelfpga/18.1/quartus/sopc_builder/bin/perl_lib -I C:/intelfpga/18.1/quartus/sopc_builder/bin -I C:/intelfpga/18.1/quartus/../ip/altera/sopc_builder_ip/common -I C:/intelfpga/18.1/quartus/../ip/altera/sopc_builder_ip/altera_avalon_pio -- C:/intelfpga/18.1/quartus/../ip/altera/sopc_builder_ip/altera_avalon_pio/generate_rtl.pl --name=Nios_System_4_NOC_Output --dir=C:/Users/fosu562/AppData/Local/Temp/alt9839_7876738724767895873.dir/0005_NOC_Output_gen/ --quartus_dir=C:/intelfpga/18.1/quartus --verilog --config=C:/Users/fosu562/AppData/Local/Temp/alt9839_7876738724767895873.dir/0005_NOC_Output_gen//Nios_System_4_NOC_Output_component_configuration.pl  --do_build_sim=0  ]
Info: NOC_Output: Done RTL generation for module 'Nios_System_4_NOC_Output'
Info: NOC_Output: "Nios_System_4" instantiated altera_avalon_pio "NOC_Output"
Info: SWITCH_pio: Starting RTL generation for module 'Nios_System_4_SWITCH_pio'
Info: SWITCH_pio:   Generation command is [exec C:/intelfpga/18.1/quartus/bin64/perl/bin/perl.exe -I C:/intelfpga/18.1/quartus/bin64/perl/lib -I C:/intelfpga/18.1/quartus/sopc_builder/bin/europa -I C:/intelfpga/18.1/quartus/sopc_builder/bin/perl_lib -I C:/intelfpga/18.1/quartus/sopc_builder/bin -I C:/intelfpga/18.1/quartus/../ip/altera/sopc_builder_ip/common -I C:/intelfpga/18.1/quartus/../ip/altera/sopc_builder_ip/altera_avalon_pio -- C:/intelfpga/18.1/quartus/../ip/altera/sopc_builder_ip/altera_avalon_pio/generate_rtl.pl --name=Nios_System_4_SWITCH_pio --dir=C:/Users/fosu562/AppData/Local/Temp/alt9839_7876738724767895873.dir/0006_SWITCH_pio_gen/ --quartus_dir=C:/intelfpga/18.1/quartus --verilog --config=C:/Users/fosu562/AppData/Local/Temp/alt9839_7876738724767895873.dir/0006_SWITCH_pio_gen//Nios_System_4_SWITCH_pio_component_configuration.pl  --do_build_sim=0  ]
Info: SWITCH_pio: Done RTL generation for module 'Nios_System_4_SWITCH_pio'
Info: SWITCH_pio: "Nios_System_4" instantiated altera_avalon_pio "SWITCH_pio"
Info: clocks: "Nios_System_4" instantiated altera_up_avalon_sys_sdram_pll "clocks"
Info: cpu: "Nios_System_4" instantiated altera_nios2_gen2 "cpu"
Info: high_res_timer: Starting RTL generation for module 'Nios_System_4_high_res_timer'
Info: high_res_timer:   Generation command is [exec C:/intelFPGA/18.1/quartus/bin64//perl/bin/perl.exe -I C:/intelFPGA/18.1/quartus/bin64//perl/lib -I C:/intelfpga/18.1/quartus/sopc_builder/bin/europa -I C:/intelfpga/18.1/quartus/sopc_builder/bin/perl_lib -I C:/intelfpga/18.1/quartus/sopc_builder/bin -I C:/intelfpga/18.1/quartus/../ip/altera/sopc_builder_ip/common -I C:/intelfpga/18.1/quartus/../ip/altera/sopc_builder_ip/altera_avalon_timer -- C:/intelfpga/18.1/quartus/../ip/altera/sopc_builder_ip/altera_avalon_timer/generate_rtl.pl --name=Nios_System_4_high_res_timer --dir=C:/Users/fosu562/AppData/Local/Temp/alt9839_7876738724767895873.dir/0007_high_res_timer_gen/ --quartus_dir=C:/intelfpga/18.1/quartus --verilog --config=C:/Users/fosu562/AppData/Local/Temp/alt9839_7876738724767895873.dir/0007_high_res_timer_gen//Nios_System_4_high_res_timer_component_configuration.pl  --do_build_sim=0  ]
Info: high_res_timer: Done RTL generation for module 'Nios_System_4_high_res_timer'
Info: high_res_timer: "Nios_System_4" instantiated altera_avalon_timer "high_res_timer"
Info: jtag_uart: Starting RTL generation for module 'Nios_System_4_jtag_uart'
Info: jtag_uart:   Generation command is [exec C:/intelfpga/18.1/quartus/bin64/perl/bin/perl.exe -I C:/intelfpga/18.1/quartus/bin64/perl/lib -I C:/intelfpga/18.1/quartus/sopc_builder/bin/europa -I C:/intelfpga/18.1/quartus/sopc_builder/bin/perl_lib -I C:/intelfpga/18.1/quartus/sopc_builder/bin -I C:/intelfpga/18.1/quartus/../ip/altera/sopc_builder_ip/common -I C:/intelfpga/18.1/quartus/../ip/altera/sopc_builder_ip/altera_avalon_jtag_uart -- C:/intelfpga/18.1/quartus/../ip/altera/sopc_builder_ip/altera_avalon_jtag_uart/generate_rtl.pl --name=Nios_System_4_jtag_uart --dir=C:/Users/fosu562/AppData/Local/Temp/alt9839_7876738724767895873.dir/0008_jtag_uart_gen/ --quartus_dir=C:/intelfpga/18.1/quartus --verilog --config=C:/Users/fosu562/AppData/Local/Temp/alt9839_7876738724767895873.dir/0008_jtag_uart_gen//Nios_System_4_jtag_uart_component_configuration.pl  --do_build_sim=0  ]
Info: jtag_uart: Done RTL generation for module 'Nios_System_4_jtag_uart'
Info: jtag_uart: "Nios_System_4" instantiated altera_avalon_jtag_uart "jtag_uart"
Info: onchip_memory: Starting RTL generation for module 'Nios_System_4_onchip_memory'
Info: onchip_memory:   Generation command is [exec C:/intelfpga/18.1/quartus/bin64/perl/bin/perl.exe -I C:/intelfpga/18.1/quartus/bin64/perl/lib -I C:/intelfpga/18.1/quartus/sopc_builder/bin/europa -I C:/intelfpga/18.1/quartus/sopc_builder/bin/perl_lib -I C:/intelfpga/18.1/quartus/sopc_builder/bin -I C:/intelfpga/18.1/quartus/../ip/altera/sopc_builder_ip/common -I C:/intelfpga/18.1/quartus/../ip/altera/sopc_builder_ip/altera_avalon_onchip_memory2 -- C:/intelfpga/18.1/quartus/../ip/altera/sopc_builder_ip/altera_avalon_onchip_memory2/generate_rtl.pl --name=Nios_System_4_onchip_memory --dir=C:/Users/fosu562/AppData/Local/Temp/alt9839_7876738724767895873.dir/0009_onchip_memory_gen/ --quartus_dir=C:/intelfpga/18.1/quartus --verilog --config=C:/Users/fosu562/AppData/Local/Temp/alt9839_7876738724767895873.dir/0009_onchip_memory_gen//Nios_System_4_onchip_memory_component_configuration.pl  --do_build_sim=0  ]
Info: onchip_memory: Done RTL generation for module 'Nios_System_4_onchip_memory'
Info: onchip_memory: "Nios_System_4" instantiated altera_avalon_onchip_memory2 "onchip_memory"
Info: sdram: Starting RTL generation for module 'Nios_System_4_sdram'
Info: sdram:   Generation command is [exec C:/intelfpga/18.1/quartus/bin64/perl/bin/perl.exe -I C:/intelfpga/18.1/quartus/bin64/perl/lib -I C:/intelfpga/18.1/quartus/sopc_builder/bin/europa -I C:/intelfpga/18.1/quartus/sopc_builder/bin/perl_lib -I C:/intelfpga/18.1/quartus/sopc_builder/bin -I C:/intelfpga/18.1/quartus/../ip/altera/sopc_builder_ip/common -I C:/intelfpga/18.1/quartus/../ip/altera/sopc_builder_ip/altera_avalon_new_sdram_controller -- C:/intelfpga/18.1/quartus/../ip/altera/sopc_builder_ip/altera_avalon_new_sdram_controller/generate_rtl.pl --name=Nios_System_4_sdram --dir=C:/Users/fosu562/AppData/Local/Temp/alt9839_7876738724767895873.dir/0010_sdram_gen/ --quartus_dir=C:/intelfpga/18.1/quartus --verilog --config=C:/Users/fosu562/AppData/Local/Temp/alt9839_7876738724767895873.dir/0010_sdram_gen//Nios_System_4_sdram_component_configuration.pl  --do_build_sim=0  ]
Info: sdram: Done RTL generation for module 'Nios_System_4_sdram'
Info: sdram: "Nios_System_4" instantiated altera_avalon_new_sdram_controller "sdram"
Info: seven_seg_0: Starting RTL generation for module 'Nios_System_4_seven_seg_0'
Info: seven_seg_0:   Generation command is [exec C:/intelfpga/18.1/quartus/bin64/perl/bin/perl.exe -I C:/intelfpga/18.1/quartus/bin64/perl/lib -I C:/intelfpga/18.1/quartus/sopc_builder/bin/europa -I C:/intelfpga/18.1/quartus/sopc_builder/bin/perl_lib -I C:/intelfpga/18.1/quartus/sopc_builder/bin -I C:/intelfpga/18.1/quartus/../ip/altera/sopc_builder_ip/common -I C:/intelfpga/18.1/quartus/../ip/altera/sopc_builder_ip/altera_avalon_pio -- C:/intelfpga/18.1/quartus/../ip/altera/sopc_builder_ip/altera_avalon_pio/generate_rtl.pl --name=Nios_System_4_seven_seg_0 --dir=C:/Users/fosu562/AppData/Local/Temp/alt9839_7876738724767895873.dir/0011_seven_seg_0_gen/ --quartus_dir=C:/intelfpga/18.1/quartus --verilog --config=C:/Users/fosu562/AppData/Local/Temp/alt9839_7876738724767895873.dir/0011_seven_seg_0_gen//Nios_System_4_seven_seg_0_component_configuration.pl  --do_build_sim=0  ]
Info: seven_seg_0: Done RTL generation for module 'Nios_System_4_seven_seg_0'
Info: seven_seg_0: "Nios_System_4" instantiated altera_avalon_pio "seven_seg_0"
Info: avalon_st_adapter: Inserting error_adapter: error_adapter_0
Info: avalon_st_adapter_001: Inserting error_adapter: error_adapter_0
Info: avalon_st_adapter_002: Inserting error_adapter: error_adapter_0
Info: avalon_st_adapter_003: Inserting error_adapter: error_adapter_0
Info: avalon_st_adapter_004: Inserting error_adapter: error_adapter_0
Info: avalon_st_adapter_005: Inserting error_adapter: error_adapter_0
Info: avalon_st_adapter_006: Inserting error_adapter: error_adapter_0
Info: avalon_st_adapter_007: Inserting error_adapter: error_adapter_0
Info: avalon_st_adapter_008: Inserting error_adapter: error_adapter_0
Info: avalon_st_adapter_009: Inserting error_adapter: error_adapter_0
Info: avalon_st_adapter_010: Inserting error_adapter: error_adapter_0
Info: avalon_st_adapter_011: Inserting error_adapter: error_adapter_0
Info: mm_interconnect_0: "Nios_System_4" instantiated altera_mm_interconnect "mm_interconnect_0"
Info: irq_mapper: "Nios_System_4" instantiated altera_irq_mapper "irq_mapper"
Info: rst_controller: "Nios_System_4" instantiated altera_reset_controller "rst_controller"
Info: sys_pll: "clocks" instantiated altera_pll "sys_pll"
Info: reset_from_locked: "clocks" instantiated altera_up_avalon_reset_from_locked_signal "reset_from_locked"
Info: cpu: Starting RTL generation for module 'Nios_System_4_cpu_cpu'
Info: cpu:   Generation command is [exec C:/intelFPGA/18.1/quartus/bin64//eperlcmd.exe -I C:/intelFPGA/18.1/quartus/bin64//perl/lib -I C:/intelfpga/18.1/quartus/sopc_builder/bin/europa -I C:/intelfpga/18.1/quartus/sopc_builder/bin/perl_lib -I C:/intelfpga/18.1/quartus/sopc_builder/bin -I C:/intelfpga/18.1/quartus/../ip/altera/nios2_ip/altera_nios2_gen2/cpu_lib -I C:/intelfpga/18.1/quartus/../ip/altera/nios2_ip/altera_nios2_gen2/nios_lib -I C:/intelfpga/18.1/quartus/../ip/altera/nios2_ip/altera_nios2_gen2 -I C:/intelfpga/18.1/quartus/../ip/altera/nios2_ip/altera_nios2_gen2 -- C:/intelfpga/18.1/quartus/../ip/altera/nios2_ip/altera_nios2_gen2/generate_rtl.epl --name=Nios_System_4_cpu_cpu --dir=C:/Users/fosu562/AppData/Local/Temp/alt9839_7876738724767895873.dir/0016_cpu_gen/ --quartus_bindir=C:/intelFPGA/18.1/quartus/bin64/ --verilog --config=C:/Users/fosu562/AppData/Local/Temp/alt9839_7876738724767895873.dir/0016_cpu_gen//Nios_System_4_cpu_cpu_processor_configuration.pl  --do_build_sim=0  ]
Info: cpu: # 2024.04.26 14:33:33 (*) Starting Nios II generation
Info: cpu: # 2024.04.26 14:33:33 (*)   Checking for plaintext license.
Info: cpu: # 2024.04.26 14:33:34 (*)   Couldn't query license setup in Quartus directory C:/intelFPGA/18.1/quartus/bin64/
Info: cpu: # 2024.04.26 14:33:34 (*)   Defaulting to contents of LM_LICENSE_FILE environment variable
Info: cpu: # 2024.04.26 14:33:34 (*)   Plaintext license not found.
Info: cpu: # 2024.04.26 14:33:34 (*)   Checking for encrypted license (non-evaluation).
Info: cpu: # 2024.04.26 14:33:34 (*)   Couldn't query license setup in Quartus directory C:/intelFPGA/18.1/quartus/bin64/
Info: cpu: # 2024.04.26 14:33:34 (*)   Defaulting to contents of LM_LICENSE_FILE environment variable
Info: cpu: # 2024.04.26 14:33:34 (*)   Encrypted license found.  SOF will not be time-limited.
Info: cpu: # 2024.04.26 14:33:34 (*)   Elaborating CPU configuration settings
Info: cpu: # 2024.04.26 14:33:34 (*)   Creating all objects for CPU
Info: cpu: # 2024.04.26 14:33:34 (*)     Testbench
Info: cpu: # 2024.04.26 14:33:34 (*)     Instruction decoding
Info: cpu: # 2024.04.26 14:33:34 (*)       Instruction fields
Info: cpu: # 2024.04.26 14:33:34 (*)       Instruction decodes
Info: cpu: # 2024.04.26 14:33:35 (*)       Signals for RTL simulation waveforms
Info: cpu: # 2024.04.26 14:33:35 (*)       Instruction controls
Info: cpu: # 2024.04.26 14:33:35 (*)     Pipeline frontend
Info: cpu: # 2024.04.26 14:33:35 (*)     Pipeline backend
Info: cpu: # 2024.04.26 14:33:36 (*)   Generating RTL from CPU objects
Info: cpu: # 2024.04.26 14:33:36 (*)   Creating encrypted RTL
Info: cpu: # 2024.04.26 14:33:37 (*) Done Nios II generation
Info: cpu: Done RTL generation for module 'Nios_System_4_cpu_cpu'
Info: cpu: "cpu" instantiated altera_nios2_gen2_unit "cpu"
Info: cpu_data_master_translator: "mm_interconnect_0" instantiated altera_merlin_master_translator "cpu_data_master_translator"
Info: jtag_uart_avalon_jtag_slave_translator: "mm_interconnect_0" instantiated altera_merlin_slave_translator "jtag_uart_avalon_jtag_slave_translator"
Info: cpu_data_master_agent: "mm_interconnect_0" instantiated altera_merlin_master_agent "cpu_data_master_agent"
Info: jtag_uart_avalon_jtag_slave_agent: "mm_interconnect_0" instantiated altera_merlin_slave_agent "jtag_uart_avalon_jtag_slave_agent"
Info: jtag_uart_avalon_jtag_slave_agent_rsp_fifo: "mm_interconnect_0" instantiated altera_avalon_sc_fifo "jtag_uart_avalon_jtag_slave_agent_rsp_fifo"
Info: router: "mm_interconnect_0" instantiated altera_merlin_router "router"
Info: router_001: "mm_interconnect_0" instantiated altera_merlin_router "router_001"
Info: router_002: "mm_interconnect_0" instantiated altera_merlin_router "router_002"
Info: router_003: "mm_interconnect_0" instantiated altera_merlin_router "router_003"
Info: router_006: "mm_interconnect_0" instantiated altera_merlin_router "router_006"
Info: cpu_data_master_limiter: "mm_interconnect_0" instantiated altera_merlin_traffic_limiter "cpu_data_master_limiter"
Info: Reusing file H:/PartIV/COMPSYS701/Lab1/Task4/Nios_System_4/synthesis/submodules/altera_avalon_sc_fifo.v
Info: sdram_s1_burst_adapter: "mm_interconnect_0" instantiated altera_merlin_burst_adapter "sdram_s1_burst_adapter"
Info: Reusing file H:/PartIV/COMPSYS701/Lab1/Task4/Nios_System_4/synthesis/submodules/altera_avalon_st_pipeline_base.v
Info: cmd_demux: "mm_interconnect_0" instantiated altera_merlin_demultiplexer "cmd_demux"
Info: cmd_demux_001: "mm_interconnect_0" instantiated altera_merlin_demultiplexer "cmd_demux_001"
Info: cmd_mux: "mm_interconnect_0" instantiated altera_merlin_multiplexer "cmd_mux"
Info: cmd_mux_001: "mm_interconnect_0" instantiated altera_merlin_multiplexer "cmd_mux_001"
Info: Reusing file H:/PartIV/COMPSYS701/Lab1/Task4/Nios_System_4/synthesis/submodules/altera_merlin_arbitrator.sv
Info: rsp_demux: "mm_interconnect_0" instantiated altera_merlin_demultiplexer "rsp_demux"
Info: rsp_demux_001: "mm_interconnect_0" instantiated altera_merlin_demultiplexer "rsp_demux_001"
Info: rsp_mux: "mm_interconnect_0" instantiated altera_merlin_multiplexer "rsp_mux"
Info: Reusing file H:/PartIV/COMPSYS701/Lab1/Task4/Nios_System_4/synthesis/submodules/altera_merlin_arbitrator.sv
Info: rsp_mux_001: "mm_interconnect_0" instantiated altera_merlin_multiplexer "rsp_mux_001"
Info: Reusing file H:/PartIV/COMPSYS701/Lab1/Task4/Nios_System_4/synthesis/submodules/altera_merlin_arbitrator.sv
Info: sdram_s1_rsp_width_adapter: "mm_interconnect_0" instantiated altera_merlin_width_adapter "sdram_s1_rsp_width_adapter"
Info: Reusing file H:/PartIV/COMPSYS701/Lab1/Task4/Nios_System_4/synthesis/submodules/altera_merlin_address_alignment.sv
Info: Reusing file H:/PartIV/COMPSYS701/Lab1/Task4/Nios_System_4/synthesis/submodules/altera_merlin_burst_uncompressor.sv
Info: avalon_st_adapter: "mm_interconnect_0" instantiated altera_avalon_st_adapter "avalon_st_adapter"
Info: avalon_st_adapter_004: "mm_interconnect_0" instantiated altera_avalon_st_adapter "avalon_st_adapter_004"
Info: error_adapter_0: "avalon_st_adapter" instantiated error_adapter "error_adapter_0"
Info: error_adapter_0: "avalon_st_adapter_004" instantiated error_adapter "error_adapter_0"
Info: Nios_System_4: Done "Nios_System_4" with 44 modules, 75 files
Info: qsys-generate succeeded.
Info: Finished: Create HDL design files for synthesis
